sample.interval=20000
"strptime" "as.Date.character" "as.Date" "eval" "eval" "withVisible" "source" 
"gc" "system.time" "eval" "eval" "withVisible" "source" 
"gc" "system.time" "eval" "eval" "withVisible" "source" 
"gc" "system.time" "eval" "eval" "withVisible" "source" 
"gc" "system.time" "eval" "eval" "withVisible" "source" 
"gc" "system.time" "eval" "eval" "withVisible" "source" 
"gc" "system.time" "eval" "eval" "withVisible" "source" 
"gc" "system.time" "eval" "eval" "withVisible" "source" 
"gc" "system.time" "eval" "eval" "withVisible" "source" 
"gc" "system.time" "eval" "eval" "withVisible" "source" 
"gc" "system.time" "eval" "eval" "withVisible" "source" 
"gc" "system.time" "eval" "eval" "withVisible" "source" 
"gc" "system.time" "eval" "eval" "withVisible" "source" 
"gc" "system.time" "eval" "eval" "withVisible" "source" 
"gc" "system.time" "eval" "eval" "withVisible" "source" 
"gc" "system.time" "eval" "eval" "withVisible" "source" 
"gc" "system.time" "eval" "eval" "withVisible" "source" 
"gc" "system.time" "eval" "eval" "withVisible" "source" 
"gc" "system.time" "eval" "eval" "withVisible" "source" 
"gc" "system.time" "eval" "eval" "withVisible" "source" 
"gc" "system.time" "eval" "eval" "withVisible" "source" 
"gc" "system.time" "eval" "eval" "withVisible" "source" 
"gc" "system.time" "eval" "eval" "withVisible" "source" 
"gc" "system.time" "eval" "eval" "withVisible" "source" 
"gc" "system.time" "eval" "eval" "withVisible" "source" 
"gc" "system.time" "eval" "eval" "withVisible" "source" 
"gc" "system.time" "eval" "eval" "withVisible" "source" 
"gc" "system.time" "eval" "eval" "withVisible" "source" 
"gc" "system.time" "eval" "eval" "withVisible" "source" 
"gc" "system.time" "eval" "eval" "withVisible" "source" 
"gc" "system.time" "eval" "eval" "withVisible" "source" 
"gc" "system.time" "eval" "eval" "withVisible" "source" 
"exists" "findCenvVar" "getInlineInfo" "isBaseVar" "FUN" "lapply" "unlist" "Filter" "findLocalsList" "funEnv" "make.functionContext" "cmpfun" "doTryCatch" "tryCatchOne" "tryCatchList" "tryCatch" "compiler:::tryCmpfun" "annual.agg" "system.time" "eval" "eval" "withVisible" "source" 
"cb$setcurexpr" "cmpCall" "cmp" "h" "tryInline" "cmpCall" "cmp" "h" "tryInline" "cmpCall" "cmp" "genCode" "cmpfun" "doTryCatch" "tryCatchOne" "tryCatchList" "tryCatch" "compiler:::tryCmpfun" "annual.agg" "system.time" "eval" "eval" "withVisible" "source" 
"findCenvVar" "getInlineInfo" "trySetterInline" "cmpSetterCall" "cmpComplexAssign" "h" "tryInline" "cmpCall" "cmp" "h" "tryInline" "cmpCall" "cmp" "genCode" "cmpfun" "doTryCatch" "tryCatchOne" "tryCatchList" "tryCatch" "compiler:::tryCmpfun" "annual.agg" "system.time" "eval" "eval" "withVisible" "source" 
"findCenvVar" "findVar" "cmpSym" "cmp" "cmpIndices" "cmpSubassignDispatch" "h" "trySetterInline" "cmpSetterCall" "cmpComplexAssign" "h" "tryInline" "cmpCall" "cmp" "h" "tryInline" "cmpCall" "cmp" "genCode" "cmpfun" "doTryCatch" "tryCatchOne" "tryCatchList" "tryCatch" "compiler:::tryCmpfun" "annual.agg" "system.time" "eval" "eval" "withVisible" "source" 
"gc" "system.time" "eval" "eval" "withVisible" "source" 
"gc" "system.time" "eval" "eval" "withVisible" "source" 
"gc" "system.time" "eval" "eval" "withVisible" "source" 
"gc" "system.time" "eval" "eval" "withVisible" "source" 
"gc" "system.time" "eval" "eval" "withVisible" "source" 
"gc" "system.time" "eval" "eval" "withVisible" "source" 
"gc" "system.time" "eval" "eval" "withVisible" "source" 
"gc" "system.time" "eval" "eval" "withVisible" "source" 
"gc" "system.time" "eval" "eval" "withVisible" "source" 
"gc" "system.time" "eval" "eval" "withVisible" "source" 
"gc" "system.time" "eval" "eval" "withVisible" "source" 
"gc" "system.time" "eval" "eval" "withVisible" "source" 
"gc" "system.time" "eval" "eval" "withVisible" "source" 
"gc" "system.time" "eval" "eval" "withVisible" "source" 
"gc" "system.time" "eval" "eval" "withVisible" "source" 
"gc" "system.time" "eval" "eval" "withVisible" "source" 
"gc" "system.time" "eval" "eval" "withVisible" "source" 
"gc" "system.time" "eval" "eval" "withVisible" "source" 
"gc" "system.time" "eval" "eval" "withVisible" "source" 
"gc" "system.time" "eval" "eval" "withVisible" "source" 
"gc" "system.time" "eval" "eval" "withVisible" "source" 
"gc" "system.time" "eval" "eval" "withVisible" "source" 
"gc" "system.time" "eval" "eval" "withVisible" "source" 
"gc" "system.time" "eval" "eval" "withVisible" "source" 
"gc" "system.time" "eval" "eval" "withVisible" "source" 
"gc" "system.time" "eval" "eval" "withVisible" "source" 
"gc" "system.time" "eval" "eval" "withVisible" "source" 
"gc" "system.time" "eval" "eval" "withVisible" "source" 
"gc" "system.time" "eval" "eval" "withVisible" "source" 
"gc" "system.time" "eval" "eval" "withVisible" "source" 
"diff.Date" "diff" "annual.agg" "system.time" "eval" "eval" "withVisible" "source" 
"NextMethod" ".Date" "[.Date" "[" "diff.Date" "diff" "annual.agg" "system.time" "eval" "eval" "withVisible" "source" 
"format.POSIXlt" "format" "format.Date" "format" "as.character.Date" "as.character" "as.character" "annual.agg" "system.time" "eval" "eval" "withVisible" "source" 
"unique.default" "I" "data_pronoun_get" "$.rlang_data_pronoun" "$" ".Call" "eval" "mask$eval_all_summarise" "FUN" "lapply" "map" "withCallingHandlers" "summarise_cols" "summarise.grouped_df" "summarize" "ungroup" ".External2" "%>%" "annual.agg" "system.time" "eval" "eval" "withVisible" "source" 
"rscol" "update_rstudio_color" "cli_format" ".rlang_cli_format" "cli_format" "cnd_message_format" "cnd_message" "conditionMessage.rlang_message" "conditionMessage" "signalCondition" "doWithOneRestart" "withOneRestart" "withRestarts" "inform" "summarise_inform" "summarise.grouped_df" "summarize" "ungroup" ".External2" "%>%" "annual.agg" "system.time" "eval" "eval" "withVisible" "source" 
"tryCatch" "try" "packageDescription" "withCallingHandlers" "suppressWarnings" "utils::packageVersion" ".rlang_cli_compat" ".rlang_cli_format_fallback" "signal" "compute_groups" "grouped_df" "summarise.grouped_df" "summarize" "ungroup" ".External2" "%>%" "annual.agg" "system.time" "eval" "eval" "withVisible" "source" 
"is" ".rs.valueDescriptionImpl" "doTryCatch" "tryCatchOne" "tryCatchList" "tryCatch" ".rs.valueDescription" ".rs.describeObject" 
"ls" "FUN" "lapply" ".rs.objectsOnSearchPath" ".rs.getCompletionsSearchPath" "Reduce" ".rs.rpc.get_completions" 
"tolower" "nchar" ".rs.startsWith" ".rs.fuzzyMatches" ".rs.getCompletionsSearchPath" "Reduce" ".rs.rpc.get_completions" 
"ls" "FUN" "lapply" ".rs.objectsOnSearchPath" ".rs.getCompletionsSearchPath" "Reduce" ".rs.rpc.get_completions" 
"ls" "FUN" "lapply" ".rs.objectsOnSearchPath" ".rs.getCompletionsSearchPath" "Reduce" ".rs.rpc.get_completions" 
"gsub" ".rs.fuzzyMatches" ".rs.getCompletionsSearchPath" "Reduce" ".rs.rpc.get_completions" 
"ls" "FUN" "lapply" ".rs.objectsOnSearchPath" ".rs.getCompletionsSearchPath" "Reduce" ".rs.rpc.get_completions" 
"list.files" ".rs.discoverPackageDependencies" ".rs.rpc.discover_package_dependencies" 
"difftime" ".rs.availablePackagesState" ".rs.availablePackages" ".rs.rpc.discover_package_dependencies" 
".Call" ".rs.runAsyncRProcess" ".rs.onAvailablePackagesStale" ".rs.availablePackages" ".rs.rpc.discover_package_dependencies" 
".Call" ".rs.runAsyncRProcess" ".rs.onAvailablePackagesStale" ".rs.availablePackages" ".rs.rpc.discover_package_dependencies" 
"readRDS" "withCallingHandlers" "doTryCatch" "tryCatchOne" "tryCatchList" "tryCatch" ".rs.tryCatch" ".rs.onAvailablePackagesReady" "<Anonymous>" 
"readRDS" "withCallingHandlers" "doTryCatch" "tryCatchOne" "tryCatchList" "tryCatch" ".rs.tryCatch" ".rs.onAvailablePackagesReady" "<Anonymous>" 
"readRDS" "withCallingHandlers" "doTryCatch" "tryCatchOne" "tryCatchList" "tryCatch" ".rs.tryCatch" ".rs.onAvailablePackagesReady" "<Anonymous>" 
"readRDS" "withCallingHandlers" "doTryCatch" "tryCatchOne" "tryCatchList" "tryCatch" ".rs.tryCatch" ".rs.onAvailablePackagesReady" "<Anonymous>" 
"readRDS" "withCallingHandlers" "doTryCatch" "tryCatchOne" "tryCatchList" "tryCatch" ".rs.tryCatch" ".rs.onAvailablePackagesReady" "<Anonymous>" 
"readRDS" "withCallingHandlers" "doTryCatch" "tryCatchOne" "tryCatchList" "tryCatch" ".rs.tryCatch" ".rs.onAvailablePackagesReady" "<Anonymous>" 
"readRDS" "withCallingHandlers" "doTryCatch" "tryCatchOne" "tryCatchList" "tryCatch" ".rs.tryCatch" ".rs.onAvailablePackagesReady" "<Anonymous>" 
".Call" ".rs.enqueClientEvent" "<Anonymous>" 
"tryCatch" ".rs.tryCatch" ".rs.parsePackageDependencies" ".rs.discoverPackageDependencies" ".rs.rpc.discover_package_dependencies" 
"readRDS" "doTryCatch" "tryCatchOne" "tryCatchList" "tryCatch" "FUN" "lapply" "find.package" "system.file" "FUN" "vapply" ".rs.isPackageInstalled" ".rs.isPackageVersionInstalled" 
"constantFoldCall" "constantFold" "cmp" "genCode" "cmpfun" "doTryCatch" "tryCatchOne" "tryCatchList" "tryCatch" "compiler:::tryCmpfun" ".rs.parseNamespaceImports" 
"%in%" "constantFoldSym" "constantFold" "cmpBuiltinArgs" "h" "tryInline" "cmpCall" "cmp" "cmpPrim2" "h" "tryInline" "cmpCall" "cmp" "genCode" "cb$putconst" "cmpCallArgs" "cmpCallSymFun" "cmpCall" "cmp" "cmpSymbolAssign" "h" "tryInline" "cmpCall" "cmp" "h" "tryInline" "cmpCall" "cmp" "h" "tryInline" "cmpCall" "cmp" "h" "tryInline" "cmpCall" "cmp" "cmpForBody" "h" "tryInline" "cmpCall" "cmp" "h" "tryInline" "cmpCall" "cmp" "genCode" "cmpfun" "doTryCatch" "tryCatchOne" "tryCatchList" "tryCatch" "compiler:::tryCmpfun" ".rs.parseNamespaceImports" 
"lapply" ".make_numeric_version" "package_version" "packageVersion" ".rs.packageVersionString" 
"sort.int" "sort.default" "sort" ".rs.parseNamespaceImports" 
